# JRE version: OpenJDK Runtime Environment Microsoft-11933218 (21.0.8+9) (build 21.0.8+9-LTS)
# Java VM: OpenJDK 64-Bit Server VM Microsoft-11933218 (21.0.8+9-LTS, mixed mode, sharing, tiered, compressed oops, compressed class ptrs, g1 gc, windows-amd64)
GC Precious Log:
 CardTable entry size: 512
 Card Set container configuration: InlinePtr #cards 5 size 8 Array Of Cards #cards 12 size 40 Howl #buckets 4 coarsen threshold 1843 Howl Bitmap #cards 512 size 80 coarsen threshold 460 Card regions per heap region 1 cards per card region 2048
 CPUs: 4 total, 4 available
 Memory: 6020M
 Large Page Support: Disabled
 NUMA Support: Disabled
 Compressed Oops: Enabled (32-bit)
 Heap Region Size: 1M
 Heap Min Capacity: 8M
 Heap Initial Capacity: 96M
 Heap Max Capacity: 1506M
 Pre-touch: Disabled
 Parallel Workers: 4
 Concurrent Workers: 1
 Concurrent Refinement Workers: 4
 Periodic GC: Disabled
Heap:
 garbage-first heap   total 37888K, used 30703K [0x00000000a1e00000, 0x0000000100000000)
  region size 1024K, 14 young (14336K), 2 survivors (2048K)
 Metaspace       used 39255K, committed 39872K, reserved 1114112K
  class space    used 4824K, committed 5120K, reserved 1048576K
GC Heap History (20 events):
Event: 7.322 GC heap before
{Heap before GC invocations=0 (full 0):
 garbage-first heap   total 98304K, used 13312K [0x00000000a1e00000, 0x0000000100000000)
  region size 1024K, 13 young (13312K), 0 survivors (0K)
 Metaspace       used 5389K, committed 5568K, reserved 1114112K
  class space    used 551K, committed 640K, reserved 1048576K
}
Event: 7.333 GC heap after
{Heap after GC invocations=1 (full 0):
 garbage-first heap   total 98304K, used 4768K [0x00000000a1e00000, 0x0000000100000000)
  region size 1024K, 2 young (2048K), 2 survivors (2048K)
 Metaspace       used 5389K, committed 5568K, reserved 1114112K
  class space    used 551K, committed 640K, reserved 1048576K
}
Event: 8.394 GC heap before
{Heap before GC invocations=1 (full 0):
 garbage-first heap   total 98304K, used 19104K [0x00000000a1e00000, 0x0000000100000000)
  region size 1024K, 16 young (16384K), 2 survivors (2048K)
 Metaspace       used 10900K, committed 11200K, reserved 1114112K
  class space    used 1263K, committed 1408K, reserved 1048576K
}
Event: 8.405 GC heap after
{Heap after GC invocations=2 (full 0):
 garbage-first heap   total 98304K, used 6665K [0x00000000a1e00000, 0x0000000100000000)
  region size 1024K, 2 young (2048K), 2 survivors (2048K)
 Metaspace       used 10900K, committed 11200K, reserved 1114112K
  class space    used 1263K, committed 1408K, reserved 1048576K
}
Event: 11.183 GC heap before
{Heap before GC invocations=2 (full 0):
 garbage-first heap   total 98304K, used 47625K [0x00000000a1e00000, 0x0000000100000000)
  region size 1024K, 44 young (45056K), 2 survivors (2048K)
 Metaspace       used 21154K, committed 21504K, reserved 1114112K
  class space    used 2606K, committed 2752K, reserved 1048576K
}
Event: 11.195 GC heap after
{Heap after GC invocations=3 (full 0):
 garbage-first heap   total 98304K, used 10524K [0x00000000a1e00000, 0x0000000100000000)
  region size 1024K, 6 young (6144K), 6 survivors (6144K)
 Metaspace       used 21154K, committed 21504K, reserved 1114112K
  class space    used 2606K, committed 2752K, reserved 1048576K
}
Event: 12.160 GC heap before
{Heap before GC invocations=4 (full 0):
 garbage-first heap   total 37888K, used 26908K [0x00000000a1e00000, 0x0000000100000000)
  region size 1024K, 22 young (22528K), 6 survivors (6144K)
 Metaspace       used 22942K, committed 23360K, reserved 1114112K
  class space    used 2829K, committed 3008K, reserved 1048576K
}
Event: 12.173 GC heap after
{Heap after GC invocations=5 (full 0):
 garbage-first heap   total 37888K, used 11873K [0x00000000a1e00000, 0x0000000100000000)
  region size 1024K, 2 young (2048K), 2 survivors (2048K)
 Metaspace       used 22942K, committed 23360K, reserved 1114112K
  class space    used 2829K, committed 3008K, reserved 1048576K
}
Event: 13.364 GC heap before
{Heap before GC invocations=5 (full 0):
 garbage-first heap   total 37888K, used 27233K [0x00000000a1e00000, 0x0000000100000000)
  region size 1024K, 18 young (18432K), 2 survivors (2048K)
 Metaspace       used 25830K, committed 26304K, reserved 1114112K
  class space    used 3215K, committed 3392K, reserved 1048576K
}
Event: 13.375 GC heap after
{Heap after GC invocations=6 (full 0):
 garbage-first heap   total 37888K, used 13312K [0x00000000a1e00000, 0x0000000100000000)
  region size 1024K, 3 young (3072K), 3 survivors (3072K)
 Metaspace       used 25830K, committed 26304K, reserved 1114112K
  class space    used 3215K, committed 3392K, reserved 1048576K
}
Event: 14.526 GC heap before
{Heap before GC invocations=6 (full 0):
 garbage-first heap   total 37888K, used 28672K [0x00000000a1e00000, 0x0000000100000000)
  region size 1024K, 19 young (19456K), 3 survivors (3072K)
 Metaspace       used 29192K, committed 29696K, reserved 1114112K
  class space    used 3666K, committed 3904K, reserved 1048576K
}
Event: 14.535 GC heap after
{Heap after GC invocations=7 (full 0):
 garbage-first heap   total 37888K, used 15278K [0x00000000a1e00000, 0x0000000100000000)
  region size 1024K, 2 young (2048K), 2 survivors (2048K)
 Metaspace       used 29192K, committed 29696K, reserved 1114112K
  class space    used 3666K, committed 3904K, reserved 1048576K
}
Event: 15.554 GC heap before
{Heap before GC invocations=7 (full 0):
 garbage-first heap   total 37888K, used 30638K [0x00000000a1e00000, 0x0000000100000000)
  region size 1024K, 17 young (17408K), 2 survivors (2048K)
 Metaspace       used 31163K, committed 31680K, reserved 1114112K
  class space    used 3923K, committed 4160K, reserved 1048576K
}
Event: 15.561 GC heap after
{Heap after GC invocations=8 (full 0):
 garbage-first heap   total 37888K, used 17299K [0x00000000a1e00000, 0x0000000100000000)
  region size 1024K, 2 young (2048K), 2 survivors (2048K)
 Metaspace       used 31163K, committed 31680K, reserved 1114112K
  class space    used 3923K, committed 4160K, reserved 1048576K
}
Event: 138.398 GC heap before
{Heap before GC invocations=8 (full 0):
 garbage-first heap   total 37888K, used 31635K [0x00000000a1e00000, 0x0000000100000000)
  region size 1024K, 16 young (16384K), 2 survivors (2048K)
 Metaspace       used 33887K, committed 34432K, reserved 1114112K
  class space    used 4239K, committed 4480K, reserved 1048576K
}
Event: 138.404 GC heap after
{Heap after GC invocations=9 (full 0):
 garbage-first heap   total 37888K, used 18430K [0x00000000a1e00000, 0x0000000100000000)
  region size 1024K, 2 young (2048K), 2 survivors (2048K)
 Metaspace       used 33887K, committed 34432K, reserved 1114112K
  class space    used 4239K, committed 4480K, reserved 1048576K
}
Event: 139.363 GC heap before
{Heap before GC invocations=9 (full 0):
 garbage-first heap   total 37888K, used 22526K [0x00000000a1e00000, 0x0000000100000000)
  region size 1024K, 7 young (7168K), 2 survivors (2048K)
 Metaspace       used 35419K, committed 35968K, reserved 1114112K
  class space    used 4407K, committed 4672K, reserved 1048576K
}
Event: 139.367 GC heap after
{Heap after GC invocations=10 (full 0):
 garbage-first heap   total 37888K, used 19063K [0x00000000a1e00000, 0x0000000100000000)
  region size 1024K, 2 young (2048K), 2 survivors (2048K)
 Metaspace       used 35419K, committed 35968K, reserved 1114112K
  class space    used 4407K, committed 4672K, reserved 1048576K
}
Event: 208.034 GC heap before
{Heap before GC invocations=11 (full 0):
 garbage-first heap   total 37888K, used 31351K [0x00000000a1e00000, 0x0000000100000000)
  region size 1024K, 15 young (15360K), 2 survivors (2048K)
 Metaspace       used 38978K, committed 39552K, reserved 1114112K
  class space    used 4817K, committed 5056K, reserved 1048576K
}
Event: 208.044 GC heap after
{Heap after GC invocations=12 (full 0):
 garbage-first heap   total 37888K, used 20463K [0x00000000a1e00000, 0x0000000100000000)
  region size 1024K, 2 young (2048K), 2 survivors (2048K)
 Metaspace       used 38978K, committed 39552K, reserved 1114112K
  class space    used 4817K, committed 5056K, reserved 1048576K
}

